2026-02-26 00:00:05,311 - __main__ - INFO - Starting file watcher...
2026-02-26 00:00:05,312 - __main__ - INFO - Monitoring: E:\AGents Pic\Hackathon FTE\Inbox
2026-02-26 00:00:05,313 - __main__ - INFO - Creating action items in: E:\AGents Pic\Hackathon FTE\Needs_Action
2026-02-26 00:00:13,208 - __main__ - INFO - New file detected: test_file_2.txt.tmp.724.1772046013206
2026-02-28 11:40:37,026 - __main__ - INFO - Starting file watcher...
2026-02-28 11:40:37,026 - __main__ - INFO - Monitoring: E:\AGents Pic\Hackathon FTE\Inbox
2026-02-28 11:40:37,027 - __main__ - INFO - Creating action items in: E:\AGents Pic\Hackathon FTE\Needs_Action
2026-02-28 11:40:39,210 - __main__ - INFO - New file detected: test_file2.txt
2026-02-28 11:40:39,218 - __main__ - INFO - Created action file: E:\AGents Pic\Hackathon FTE\Needs_Action\FILE_DROP_20260228_114039_test_file2.txt.md
2026-02-28 11:49:47,072 - __main__ - INFO - New file detected: bronze_tier_test.txt
2026-02-28 11:49:47,148 - __main__ - INFO - Created action file: E:\AGents Pic\Hackathon FTE\Needs_Action\FILE_DROP_20260228_114947_bronze_tier_test.txt.md
2026-02-28 12:42:08,809 - __main__ - INFO - New file detected: bronze_tier_test.txt
2026-02-28 12:42:08,827 - __main__ - INFO - Created action file: E:\AGents Pic\Hackathon FTE\Needs_Action\FILE_DROP_20260228_124208_bronze_tier_test.txt.md
2026-02-28 12:51:09,792 - __main__ - INFO - Starting file watcher...
2026-02-28 12:51:09,792 - __main__ - INFO - Monitoring: E:\AGents Pic\Hackathon FTE\Inbox
2026-02-28 12:51:09,793 - __main__ - INFO - Creating action items in: E:\AGents Pic\Hackathon FTE\Needs_Action
2026-03-05 15:20:02,368 - __main__ - INFO - Starting file watcher...
2026-03-05 15:20:02,371 - __main__ - INFO - Monitoring: E:\AGents Pic\Hackathon FTE\Inbox
2026-03-05 15:20:02,372 - __main__ - INFO - Creating action items in: E:\AGents Pic\Hackathon FTE\Needs_Action
2026-03-05 15:21:13,706 - __main__ - INFO - Starting file watcher...
2026-03-05 15:21:13,707 - __main__ - INFO - Monitoring: E:\AGents Pic\Hackathon FTE\Inbox
2026-03-05 15:21:13,707 - __main__ - INFO - Creating action items in: E:\AGents Pic\Hackathon FTE\Needs_Action
