2026-03-03 22:56:52,603 - GmailWatcher - INFO - Starting Gmail authentication flow...
2026-03-03 23:12:15,732 - GmailWatcher - INFO - Starting Gmail authentication flow...
2026-03-03 23:20:05,710 - GmailWatcher - INFO - Starting Gmail authentication flow...
2026-03-05 12:34:51,297 - GmailWatcher - INFO - Starting Gmail authentication flow...
2026-03-05 14:33:42,877 - GmailWatcher - INFO - Starting Gmail authentication flow...
2026-03-05 15:16:56,801 - GmailWatcher - INFO - Gmail service initialized successfully
2026-03-05 15:17:47,933 - GmailWatcher - INFO - Gmail service initialized successfully
2026-03-05 15:17:53,511 - GmailWatcher - INFO - Created task file: TASK_20260305_151753_Email__“python_developer”__teraleads_-_Prompt_Engi.md
2026-03-05 15:17:53,518 - GmailWatcher - INFO - Created task file: TASK_20260305_151753_Email__Admissions_Deadline_Notification___Kamyab_F.md
2026-03-05 15:17:53,520 - GmailWatcher - INFO - Created task file: TASK_20260305_151753_Email__“data_scientist”__Elevate_Recruitment_-_Dat.md
2026-03-05 15:50:33,676 - GmailWatcher - INFO - Gmail service initialized successfully
2026-03-05 15:50:40,312 - GmailWatcher - INFO - Created task file: TASK_20260305_155040_Email__“python_developer”__teraleads_-_Prompt_Engi.md
2026-03-05 15:50:40,314 - GmailWatcher - INFO - Created task file: TASK_20260305_155040_Email__Admissions_Deadline_Notification___Kamyab_F.md
2026-03-05 15:50:40,317 - GmailWatcher - INFO - Created task file: TASK_20260305_155040_Email__“data_scientist”__Elevate_Recruitment_-_Dat.md
2026-03-05 15:50:40,322 - GmailWatcher - INFO - Created task file: TASK_20260305_155040_Email__Service_restoration_in_progress.md
2026-03-05 15:50:40,326 - GmailWatcher - INFO - Created task file: TASK_20260305_155040_Email__Shah_Abir_Gadit_and_others_share_their_thou.md
2026-03-05 15:50:40,587 - GmailWatcher - INFO - Created task file: TASK_20260305_155040_Email__Senior_Executive___Assistant_Manager_@_bore.md
2026-03-05 15:50:40,592 - GmailWatcher - INFO - Created task file: TASK_20260305_155040_Email__New_device_login_detected_for_your_XM_accou.md
2026-03-05 15:50:40,595 - GmailWatcher - INFO - Created task file: TASK_20260305_155040_Email__924407_-_your_XM_verification_code.md
2026-03-05 15:50:40,598 - GmailWatcher - INFO - Created task file: TASK_20260305_155040_Email__HBL_Digital___Bill_Payment.md
